[0.464s] DEBUG:colcon:Command line arguments: ['/usr/bin/colcon', 'build', '--symlink-install']
[0.464s] DEBUG:colcon:Parsed command line arguments: Namespace(log_base=None, log_level=None, verb_name='build', build_base='build', install_base='install', merge_install=False, symlink_install=True, test_result_base=None, continue_on_error=False, executor='parallel', parallel_workers=4, event_handlers=None, ignore_user_meta=False, metas=['./colcon.meta'], base_paths=['.'], packages_ignore=None, packages_ignore_regex=None, paths=None, packages_up_to=None, packages_up_to_regex=None, packages_above=None, packages_above_and_dependencies=None, packages_above_depth=None, packages_select_by_dep=None, packages_skip_by_dep=None, packages_skip_up_to=None, packages_select_build_failed=False, packages_skip_build_finished=False, packages_select_test_failures=False, packages_skip_test_passed=False, packages_select=None, packages_skip=None, packages_select_regex=None, packages_skip_regex=None, packages_start=None, packages_end=None, allow_overriding=[], cmake_args=None, cmake_target=None, cmake_target_skip_unavailable=False, cmake_clean_cache=False, cmake_clean_first=False, cmake_force_configure=False, ament_cmake_args=None, catkin_cmake_args=None, catkin_skip_building_tests=False, mixin_files=None, mixin=None, verb_parser=<colcon_mixin.mixin.mixin_argument.MixinArgumentDecorator object at 0xffff969d2080>, verb_extension=<colcon_core.verb.build.BuildVerb object at 0xffff96b77070>, main=<bound method BuildVerb.main of <colcon_core.verb.build.BuildVerb object at 0xffff96b77070>>, mixin_verb=('build',))
[1.393s] Level 1:colcon.colcon_core.package_discovery:discover_packages(colcon_meta) check parameters
[1.394s] Level 1:colcon.colcon_core.package_discovery:discover_packages(recursive) check parameters
[1.394s] Level 1:colcon.colcon_core.package_discovery:discover_packages(ignore) check parameters
[1.394s] Level 1:colcon.colcon_core.package_discovery:discover_packages(path) check parameters
[1.394s] Level 1:colcon.colcon_core.package_discovery:discover_packages(colcon_meta) discover
[1.394s] Level 1:colcon.colcon_core.package_discovery:discover_packages(recursive) discover
[1.395s] INFO:colcon.colcon_core.package_discovery:Crawling recursively for packages in '/home/mren203_group_002/ros2_ws/src/mren203_new'
[1.395s] Level 1:colcon.colcon_core.package_identification:_identify(.) by extensions ['ignore', 'ignore_ament_install']
[1.395s] Level 1:colcon.colcon_core.package_identification:_identify(.) by extension 'ignore'
[1.396s] Level 1:colcon.colcon_core.package_identification:_identify(.) by extension 'ignore_ament_install'
[1.396s] Level 1:colcon.colcon_core.package_identification:_identify(.) by extensions ['colcon_pkg']
[1.396s] Level 1:colcon.colcon_core.package_identification:_identify(.) by extension 'colcon_pkg'
[1.396s] Level 1:colcon.colcon_core.package_identification:_identify(.) by extensions ['colcon_meta']
[1.396s] Level 1:colcon.colcon_core.package_identification:_identify(.) by extension 'colcon_meta'
[1.396s] Level 1:colcon.colcon_core.package_identification:_identify(.) by extensions ['ros']
[1.396s] Level 1:colcon.colcon_core.package_identification:_identify(.) by extension 'ros'
[1.451s] DEBUG:colcon.colcon_core.package_identification:Package '.' with type 'ros.ament_cmake' and name 'mren203_new'
[1.451s] Level 1:colcon.colcon_core.package_discovery:discover_packages(recursive) using defaults
[1.451s] Level 1:colcon.colcon_core.package_discovery:discover_packages(ignore) discover
[1.451s] Level 1:colcon.colcon_core.package_discovery:discover_packages(ignore) using defaults
[1.451s] Level 1:colcon.colcon_core.package_discovery:discover_packages(path) discover
[1.451s] Level 1:colcon.colcon_core.package_discovery:discover_packages(path) using defaults
[1.566s] Level 1:colcon.colcon_core.package_discovery:discover_packages(prefix_path) check parameters
[1.566s] Level 1:colcon.colcon_core.package_discovery:discover_packages(prefix_path) discover
[1.575s] DEBUG:colcon.colcon_installed_package_information.package_discovery:Found 3 installed packages in /home/mren203_group_002/ros2_ws/install
[1.585s] DEBUG:colcon.colcon_installed_package_information.package_discovery:Found 272 installed packages in /opt/ros/humble
[1.592s] Level 1:colcon.colcon_core.package_discovery:discover_packages(prefix_path) using defaults
[1.848s] Level 5:colcon.colcon_core.verb:set package 'mren203_new' build argument 'cmake_args' from command line to 'None'
[1.848s] Level 5:colcon.colcon_core.verb:set package 'mren203_new' build argument 'cmake_target' from command line to 'None'
[1.848s] Level 5:colcon.colcon_core.verb:set package 'mren203_new' build argument 'cmake_target_skip_unavailable' from command line to 'False'
[1.848s] Level 5:colcon.colcon_core.verb:set package 'mren203_new' build argument 'cmake_clean_cache' from command line to 'False'
[1.849s] Level 5:colcon.colcon_core.verb:set package 'mren203_new' build argument 'cmake_clean_first' from command line to 'False'
[1.849s] Level 5:colcon.colcon_core.verb:set package 'mren203_new' build argument 'cmake_force_configure' from command line to 'False'
[1.849s] Level 5:colcon.colcon_core.verb:set package 'mren203_new' build argument 'ament_cmake_args' from command line to 'None'
[1.849s] Level 5:colcon.colcon_core.verb:set package 'mren203_new' build argument 'catkin_cmake_args' from command line to 'None'
[1.849s] Level 5:colcon.colcon_core.verb:set package 'mren203_new' build argument 'catkin_skip_building_tests' from command line to 'False'
[1.849s] DEBUG:colcon.colcon_core.verb:Building package 'mren203_new' with the following arguments: {'ament_cmake_args': None, 'build_base': '/home/mren203_group_002/ros2_ws/src/mren203_new/build/mren203_new', 'catkin_cmake_args': None, 'catkin_skip_building_tests': False, 'cmake_args': None, 'cmake_clean_cache': False, 'cmake_clean_first': False, 'cmake_force_configure': False, 'cmake_target': None, 'cmake_target_skip_unavailable': False, 'install_base': '/home/mren203_group_002/ros2_ws/src/mren203_new/install/mren203_new', 'merge_install': False, 'path': '/home/mren203_group_002/ros2_ws/src/mren203_new', 'symlink_install': True, 'test_result_base': None}
[1.850s] INFO:colcon.colcon_core.executor:Executing jobs using 'parallel' executor
[1.853s] DEBUG:colcon.colcon_parallel_executor.executor.parallel:run_until_complete
[1.854s] INFO:colcon.colcon_ros.task.ament_cmake.build:Building ROS package in '/home/mren203_group_002/ros2_ws/src/mren203_new' with build type 'ament_cmake'
[1.855s] INFO:colcon.colcon_cmake.task.cmake.build:Building CMake package in '/home/mren203_group_002/ros2_ws/src/mren203_new'
[1.863s] INFO:colcon.colcon_core.plugin_system:Skipping extension 'colcon_core.shell.bat': Not used on non-Windows systems
[1.864s] INFO:colcon.colcon_core.shell:Skip shell extension 'powershell' for command environment: Not usable outside of PowerShell
[1.865s] DEBUG:colcon.colcon_core.shell:Skip shell extension 'dsv' for command environment
[1.914s] DEBUG:colcon.colcon_core.event_handler.log_command:Invoking command in '/home/mren203_group_002/ros2_ws/src/mren203_new/build/mren203_new': CMAKE_PREFIX_PATH=${CMAKE_PREFIX_PATH}:/opt/ros/humble /usr/bin/cmake /home/mren203_group_002/ros2_ws/src/mren203_new -DAMENT_CMAKE_SYMLINK_INSTALL=1 -DCMAKE_INSTALL_PREFIX=/home/mren203_group_002/ros2_ws/src/mren203_new/install/mren203_new
[8.704s] DEBUG:colcon.colcon_core.event_handler.log_command:Invoked command in '/home/mren203_group_002/ros2_ws/src/mren203_new/build/mren203_new' returned '0': CMAKE_PREFIX_PATH=${CMAKE_PREFIX_PATH}:/opt/ros/humble /usr/bin/cmake /home/mren203_group_002/ros2_ws/src/mren203_new -DAMENT_CMAKE_SYMLINK_INSTALL=1 -DCMAKE_INSTALL_PREFIX=/home/mren203_group_002/ros2_ws/src/mren203_new/install/mren203_new
[8.715s] DEBUG:colcon.colcon_core.event_handler.log_command:Invoking command in '/home/mren203_group_002/ros2_ws/src/mren203_new/build/mren203_new': CMAKE_PREFIX_PATH=${CMAKE_PREFIX_PATH}:/opt/ros/humble /usr/bin/cmake --build /home/mren203_group_002/ros2_ws/src/mren203_new/build/mren203_new -- -j4 -l4
[29.797s] DEBUG:colcon.colcon_core.event_handler.log_command:Invoked command in '/home/mren203_group_002/ros2_ws/src/mren203_new/build/mren203_new' returned '2': CMAKE_PREFIX_PATH=${CMAKE_PREFIX_PATH}:/opt/ros/humble /usr/bin/cmake --build /home/mren203_group_002/ros2_ws/src/mren203_new/build/mren203_new -- -j4 -l4
[29.799s] Level 1:colcon.colcon_core.environment:create_environment_scripts_only(mren203_new)
[29.811s] Level 1:colcon.colcon_core.environment:checking '/home/mren203_group_002/ros2_ws/src/mren203_new/install/mren203_new' for CMake module files
[29.813s] Level 1:colcon.colcon_core.environment:checking '/home/mren203_group_002/ros2_ws/src/mren203_new/install/mren203_new' for CMake config files
[29.815s] Level 1:colcon.colcon_core.environment:checking '/home/mren203_group_002/ros2_ws/src/mren203_new/install/mren203_new/bin'
[29.815s] Level 1:colcon.colcon_core.environment:checking '/home/mren203_group_002/ros2_ws/src/mren203_new/install/mren203_new/lib/pkgconfig/mren203_new.pc'
[29.816s] Level 1:colcon.colcon_core.environment:checking '/home/mren203_group_002/ros2_ws/src/mren203_new/install/mren203_new/lib/python3.10/site-packages'
[29.817s] Level 1:colcon.colcon_core.environment:checking '/home/mren203_group_002/ros2_ws/src/mren203_new/install/mren203_new/bin'
[29.819s] INFO:colcon.colcon_core.shell:Creating package script '/home/mren203_group_002/ros2_ws/src/mren203_new/install/mren203_new/share/mren203_new/package.ps1'
[29.822s] INFO:colcon.colcon_core.shell:Creating package descriptor '/home/mren203_group_002/ros2_ws/src/mren203_new/install/mren203_new/share/mren203_new/package.dsv'
[29.825s] INFO:colcon.colcon_core.shell:Creating package script '/home/mren203_group_002/ros2_ws/src/mren203_new/install/mren203_new/share/mren203_new/package.sh'
[29.828s] INFO:colcon.colcon_core.shell:Creating package script '/home/mren203_group_002/ros2_ws/src/mren203_new/install/mren203_new/share/mren203_new/package.bash'
[29.831s] INFO:colcon.colcon_core.shell:Creating package script '/home/mren203_group_002/ros2_ws/src/mren203_new/install/mren203_new/share/mren203_new/package.zsh'
[29.834s] Level 1:colcon.colcon_core.environment:create_file_with_runtime_dependencies(/home/mren203_group_002/ros2_ws/src/mren203_new/install/mren203_new/share/colcon-core/packages/mren203_new)
[29.847s] DEBUG:colcon.colcon_parallel_executor.executor.parallel:closing loop
[29.847s] DEBUG:colcon.colcon_parallel_executor.executor.parallel:loop closed
[29.848s] DEBUG:colcon.colcon_parallel_executor.executor.parallel:run_until_complete finished with '2'
[29.849s] DEBUG:colcon.colcon_core.event_reactor:joining thread
[29.880s] INFO:colcon.colcon_core.plugin_system:Skipping extension 'colcon_notification.desktop_notification.terminal_notifier': Not used on non-Darwin systems
[29.881s] INFO:colcon.colcon_core.plugin_system:Skipping extension 'colcon_notification.desktop_notification.win32': Not used on non-Windows systems
[29.881s] INFO:colcon.colcon_notification.desktop_notification:Sending desktop notification using 'notify2'
[54.909s] DEBUG:colcon.colcon_notification.desktop_notification.notify2:Failed to initialize notify2: org.freedesktop.DBus.Error.NoReply: Did not receive a reply. Possible causes include: the remote application did not send a reply, the message bus security policy blocked the reply, the reply timeout expired, or the network connection was broken.
[54.909s] DEBUG:colcon.colcon_core.event_reactor:joined thread
[54.912s] INFO:colcon.colcon_core.shell:Creating prefix script '/home/mren203_group_002/ros2_ws/src/mren203_new/install/local_setup.ps1'
[54.921s] INFO:colcon.colcon_core.shell:Creating prefix util module '/home/mren203_group_002/ros2_ws/src/mren203_new/install/_local_setup_util_ps1.py'
[54.927s] INFO:colcon.colcon_core.shell:Creating prefix chain script '/home/mren203_group_002/ros2_ws/src/mren203_new/install/setup.ps1'
[54.932s] INFO:colcon.colcon_core.shell:Creating prefix script '/home/mren203_group_002/ros2_ws/src/mren203_new/install/local_setup.sh'
[54.935s] INFO:colcon.colcon_core.shell:Creating prefix util module '/home/mren203_group_002/ros2_ws/src/mren203_new/install/_local_setup_util_sh.py'
[54.937s] INFO:colcon.colcon_core.shell:Creating prefix chain script '/home/mren203_group_002/ros2_ws/src/mren203_new/install/setup.sh'
[54.941s] INFO:colcon.colcon_core.shell:Creating prefix script '/home/mren203_group_002/ros2_ws/src/mren203_new/install/local_setup.bash'
[54.944s] INFO:colcon.colcon_core.shell:Creating prefix chain script '/home/mren203_group_002/ros2_ws/src/mren203_new/install/setup.bash'
[54.948s] INFO:colcon.colcon_core.shell:Creating prefix script '/home/mren203_group_002/ros2_ws/src/mren203_new/install/local_setup.zsh'
[54.950s] INFO:colcon.colcon_core.shell:Creating prefix chain script '/home/mren203_group_002/ros2_ws/src/mren203_new/install/setup.zsh'
