-- The C compiler identification is GNU 11.4.0
-- The CXX compiler identification is GNU 11.4.0
-- Detecting C compiler ABI info
-- Detecting C compiler ABI info - done
-- Check for working C compiler: /usr/bin/cc - skipped
-- Detecting C compile features
-- Detecting C compile features - done
-- Detecting CXX compiler ABI info
-- Detecting CXX compiler ABI info - done
-- Check for working CXX compiler: /usr/bin/c++ - skipped
-- Detecting CXX compile features
-- Detecting CXX compile features - done
-- Found ament_cmake: 1.3.13 (/opt/ros/humble/share/ament_cmake/cmake)
-- Found Python3: /usr/bin/python3 (found version "3.10.12") found components: Interpreter 
-- Override CMake install command with custom implementation using symlinks instead of copying resources
-- Found rclcpp: 16.0.18 (/opt/ros/humble/share/rclcpp/cmake)
-- Found rosidl_generator_c: 3.1.8 (/opt/ros/humble/share/rosidl_generator_c/cmake)
-- Found rosidl_adapter: 3.1.8 (/opt/ros/humble/share/rosidl_adapter/cmake)
-- Found rosidl_generator_cpp: 3.1.8 (/opt/ros/humble/share/rosidl_generator_cpp/cmake)
-- Using all available rosidl_typesupport_c: rosidl_typesupport_fastrtps_c;rosidl_typesupport_introspection_c
-- Using all available rosidl_typesupport_cpp: rosidl_typesupport_fastrtps_cpp;rosidl_typesupport_introspection_cpp
-- Found rmw_implementation_cmake: 6.1.2 (/opt/ros/humble/share/rmw_implementation_cmake/cmake)
-- Found rmw_fastrtps_cpp: 6.2.10 (/opt/ros/humble/share/rmw_fastrtps_cpp/cmake)
-- Found OpenSSL: /usr/lib/aarch64-linux-gnu/libcrypto.so (found version "3.0.2")  
-- Found FastRTPS: /opt/ros/humble/include  
-- Using RMW implementation 'rmw_fastrtps_cpp' as default
-- Looking for pthread.h
-- Looking for pthread.h - found
-- Performing Test CMAKE_HAVE_LIBC_PTHREAD
-- Performing Test CMAKE_HAVE_LIBC_PTHREAD - Success
-- Found Threads: TRUE  
-- Found sensor_msgs: 4.9.1 (/opt/ros/humble/share/sensor_msgs/cmake)
-- Found Boost: /usr/lib/aarch64-linux-gnu/cmake/Boost-1.74.0/BoostConfig.cmake (found version "1.74.0") found components: system 
-- Configuring done
-- Generating done
-- Build files have been written to: /home/mren203_group_002/ros2_ws/src/mren203_new/build/mren203_new
[ 50%] [32mBuilding CXX object CMakeFiles/arduino_parser.dir/arduino_parser.cpp.o[0m
[01m[K/home/mren203_group_002/ros2_ws/src/mren203_new/arduino_parser.cpp:44:13:[m[K [01;31m[Kerror: [m[K‘[01m[Ksensor_msgs[m[K’ in namespace ‘[01m[Krclcpp[m[K’ does not name a type
   44 |     rclcpp::[01;31m[Ksensor_msgs[m[K::joint_state joint_pub;
      |             [01;31m[K^~~~~~~~~~~[m[K
[01m[K/home/mren203_group_002/ros2_ws/src/mren203_new/arduino_parser.cpp:[m[K In constructor ‘[01m[KArduinoParser::ArduinoParser()[m[K’:
[01m[K/home/mren203_group_002/ros2_ws/src/mren203_new/arduino_parser.cpp:34:9:[m[K [01;31m[Kerror: [m[K‘[01m[Kjoint_pub[m[K’ was not declared in this scope
   34 |         [01;31m[Kjoint_pub[m[K = this->create_publisher<sensor_msgs::msg:joint_state>("actuator/data", 10);
      |         [01;31m[K^~~~~~~~~[m[K
[01m[K/home/mren203_group_002/ros2_ws/src/mren203_new/arduino_parser.cpp:34:60:[m[K [01;31m[Kerror: [m[Kfound ‘[01m[K:[m[K’ in nested-name-specifier, expected ‘[01m[K::[m[K’
   34 |         joint_pub = this->create_publisher<sensor_msgs::msg[01;31m[K:[m[Kjoint_state>("actuator/data", 10);
      |                                                            [01;31m[K^[m[K
      |                                                            [32m[K::[m[K
[01m[K/home/mren203_group_002/ros2_ws/src/mren203_new/arduino_parser.cpp:34:61:[m[K [01;31m[Kerror: [m[K‘[01m[Kjoint_state[m[K’ is not a member of ‘[01m[Ksensor_msgs::msg[m[K’; did you mean ‘[01m[KJointState[m[K’?
   34 |         joint_pub = this->create_publisher<sensor_msgs::msg:[01;31m[Kjoint_state[m[K>("actuator/data", 10);
      |                                                             [01;31m[K^~~~~~~~~~~[m[K
      |                                                             [32m[KJointState[m[K
[01m[K/home/mren203_group_002/ros2_ws/src/mren203_new/arduino_parser.cpp:34:73:[m[K [01;31m[Kerror: [m[Kno matching function for call to ‘[01m[KArduinoParser::create_publisher<<expression error> >(const char [14], int)[m[K’
   34 |         joint_pub = [01;31m[Kthis->create_publisher<sensor_msgs::msg:joint_state>("actuator/data", 10)[m[K;
      |                     [01;31m[K~~~~~~~~~~~~~~~~~~~~~~~~~~~~~~~~~~~~~~~~~~~~~~~~~~~~^~~~~~~~~~~~~~~~~~~~~[m[K
In file included from [01m[K/opt/ros/humble/include/rclcpp/rclcpp/executors/single_threaded_executor.hpp:28[m[K,
                 from [01m[K/opt/ros/humble/include/rclcpp/rclcpp/executors.hpp:22[m[K,
                 from [01m[K/opt/ros/humble/include/rclcpp/rclcpp/rclcpp.hpp:155[m[K,
                 from [01m[K/home/mren203_group_002/ros2_ws/src/mren203_new/arduino_parser.cpp:8[m[K:
[01m[K/opt/ros/humble/include/rclcpp/rclcpp/node.hpp:195:3:[m[K [01;36m[Knote: [m[Kcandidate: ‘[01m[Ktemplate<class MessageT, class AllocatorT, class PublisherT> std::shared_ptr<PublisherT> rclcpp::Node::create_publisher(const string&, const rclcpp::QoS&, const rclcpp::PublisherOptionsWithAllocator<AllocatorT>&)[m[K’
  195 |   [01;36m[Kcreate_publisher[m[K(
      |   [01;36m[K^~~~~~~~~~~~~~~~[m[K
[01m[K/opt/ros/humble/include/rclcpp/rclcpp/node.hpp:195:3:[m[K [01;36m[Knote: [m[K  template argument deduction/substitution failed:
[01m[K/home/mren203_group_002/ros2_ws/src/mren203_new/arduino_parser.cpp:34:73:[m[K [01;31m[Kerror: [m[Ktemplate argument 1 is invalid
   34 |         joint_pub = [01;31m[Kthis->create_publisher<sensor_msgs::msg:joint_state>("actuator/data", 10)[m[K;
      |                     [01;31m[K~~~~~~~~~~~~~~~~~~~~~~~~~~~~~~~~~~~~~~~~~~~~~~~~~~~~^~~~~~~~~~~~~~~~~~~~~[m[K
[01m[K/home/mren203_group_002/ros2_ws/src/mren203_new/arduino_parser.cpp:[m[K In member function ‘[01m[Kvoid ArduinoParser::parse_and_publish(const string&)[m[K’:
[01m[K/home/mren203_group_002/ros2_ws/src/mren203_new/arduino_parser.cpp:75:13:[m[K [01;31m[Kerror: [m[K‘[01m[Kencoder_pub_[m[K’ was not declared in this scope
   75 |             [01;31m[Kencoder_pub_[m[K->publish(enc_msg);
      |             [01;31m[K^~~~~~~~~~~~[m[K
[01m[K/home/mren203_group_002/ros2_ws/src/mren203_new/arduino_parser.cpp:85:13:[m[K [01;31m[Kerror: [m[K‘[01m[Kjoint_pub[m[K’ was not declared in this scope; did you mean ‘[01m[Kjoint_msg[m[K’?
   85 |             [01;31m[Kjoint_pub[m[K->publish(joint_msg);
      |             [01;31m[K^~~~~~~~~[m[K
      |             [32m[Kjoint_msg[m[K
gmake[2]: *** [CMakeFiles/arduino_parser.dir/build.make:76: CMakeFiles/arduino_parser.dir/arduino_parser.cpp.o] Error 1
gmake[1]: *** [CMakeFiles/Makefile2:137: CMakeFiles/arduino_parser.dir/all] Error 2
gmake: *** [Makefile:146: all] Error 2
